[debug] [2023-06-09T13:09:51.440Z] ----------------------------------------------------------------------
[debug] [2023-06-09T13:09:51.442Z] Command:       C:\Program Files\nodejs\node.exe C:\Users\Abraham\AppData\Roaming\npm\node_modules\firebase-tools\lib\bin\firebase.js serve
[debug] [2023-06-09T13:09:51.442Z] CLI Version:   12.3.1
[debug] [2023-06-09T13:09:51.442Z] Platform:      win32
[debug] [2023-06-09T13:09:51.443Z] Node Version:  v18.13.0
[debug] [2023-06-09T13:09:51.443Z] Time:          Fri Jun 09 2023 10:09:51 GMT-0300 (Brasilia Standard Time)
[debug] [2023-06-09T13:09:51.443Z] ----------------------------------------------------------------------
[debug] 
[debug] [2023-06-09T13:09:51.517Z] > command requires scopes: ["email","openid","https://www.googleapis.com/auth/cloudplatformprojects.readonly","https://www.googleapis.com/auth/firebase","https://www.googleapis.com/auth/cloud-platform"]
[debug] [2023-06-09T13:09:51.518Z] > authorizing via signed-in user (meetabrahamadamu@gmail.com)
[debug] [2023-06-09T13:09:51.519Z] [iam] checking project chronic-tracker for permissions ["firebase.projects.get"]
[debug] [2023-06-09T13:09:51.522Z] >>> [apiv2][query] POST https://cloudresourcemanager.googleapis.com/v1/projects/chronic-tracker:testIamPermissions [none]
[debug] [2023-06-09T13:09:51.522Z] >>> [apiv2][(partial)header] POST https://cloudresourcemanager.googleapis.com/v1/projects/chronic-tracker:testIamPermissions x-goog-quota-user=projects/chronic-tracker
[debug] [2023-06-09T13:09:51.523Z] >>> [apiv2][body] POST https://cloudresourcemanager.googleapis.com/v1/projects/chronic-tracker:testIamPermissions {"permissions":["firebase.projects.get"]}
[debug] [2023-06-09T13:09:55.105Z] <<< [apiv2][status] POST https://cloudresourcemanager.googleapis.com/v1/projects/chronic-tracker:testIamPermissions 200
[debug] [2023-06-09T13:09:55.106Z] <<< [apiv2][body] POST https://cloudresourcemanager.googleapis.com/v1/projects/chronic-tracker:testIamPermissions {"permissions":["firebase.projects.get"]}
[debug] [2023-06-09T13:09:55.107Z] >>> [apiv2][query] GET https://firebase.googleapis.com/v1beta1/projects/chronic-tracker [none]
[debug] [2023-06-09T13:10:01.882Z] <<< [apiv2][status] GET https://firebase.googleapis.com/v1beta1/projects/chronic-tracker 200
[debug] [2023-06-09T13:10:01.884Z] <<< [apiv2][body] GET https://firebase.googleapis.com/v1beta1/projects/chronic-tracker {"projectId":"chronic-tracker","projectNumber":"43003687884","displayName":"chronic-tracker","name":"projects/chronic-tracker","resources":{"hostingSite":"chronic-tracker"},"state":"ACTIVE","etag":"1_bd30c92f-58de-4d95-afaf-ac67549efa93"}
[info] 
[info] === Serving from 'C:\Users\Abraham\Documents\Projects\kampf\Meseret\app'...
[info] 
[debug] [2023-06-09T13:10:01.902Z] defaultcredentials: writing to file C:\Users\Abraham\AppData\Roaming\firebase\meetabrahamadamu_gmail_com_application_default_credentials.json
[debug] [2023-06-09T13:10:01.903Z] >>> [apiv2][query] GET https://firebasehosting.googleapis.com/v1beta1/projects/chronic-tracker/sites 
[debug] [2023-06-09T13:10:01.909Z] Setting GAC to C:\Users\Abraham\AppData\Roaming\firebase\meetabrahamadamu_gmail_com_application_default_credentials.json {"metadata":{"emulator":{"name":"functions"},"message":"Setting GAC to C:\\Users\\Abraham\\AppData\\Roaming\\firebase\\meetabrahamadamu_gmail_com_application_default_credentials.json"}}
[debug] [2023-06-09T13:10:01.910Z] >>> [apiv2][query] GET https://firebase.googleapis.com/v1beta1/projects/chronic-tracker/adminSdkConfig [none]
[debug] [2023-06-09T13:10:03.547Z] <<< [apiv2][status] GET https://firebase.googleapis.com/v1beta1/projects/chronic-tracker/adminSdkConfig 200
[debug] [2023-06-09T13:10:03.547Z] <<< [apiv2][body] GET https://firebase.googleapis.com/v1beta1/projects/chronic-tracker/adminSdkConfig {"projectId":"chronic-tracker","storageBucket":"chronic-tracker.appspot.com"}
[debug] [2023-06-09T13:10:04.762Z] <<< [apiv2][status] GET https://firebasehosting.googleapis.com/v1beta1/projects/chronic-tracker/sites 200
[debug] [2023-06-09T13:10:04.762Z] <<< [apiv2][body] GET https://firebasehosting.googleapis.com/v1beta1/projects/chronic-tracker/sites {"sites":[{"name":"projects/chronic-tracker/sites/chronic-tracker","defaultUrl":"https://chronic-tracker.web.app","type":"DEFAULT_SITE"}]}
[debug] [2023-06-09T13:10:04.763Z] >>> [apiv2][query] GET https://firebase.googleapis.com/v1beta1/projects/chronic-tracker/webApps/-/config [none]
[debug] [2023-06-09T13:10:06.396Z] <<< [apiv2][status] GET https://firebase.googleapis.com/v1beta1/projects/chronic-tracker/webApps/-/config 200
[debug] [2023-06-09T13:10:06.396Z] <<< [apiv2][body] GET https://firebase.googleapis.com/v1beta1/projects/chronic-tracker/webApps/-/config {"projectId":"chronic-tracker","storageBucket":"chronic-tracker.appspot.com","apiKey":"AIzaSyCL71QV00_o9Oc8nfl_4VpUSAIsQtwnFso","authDomain":"chronic-tracker.firebaseapp.com","messagingSenderId":"43003687884"}
[debug] [2023-06-09T13:10:06.404Z] >>> [apiv2][query] GET https://firebase.googleapis.com/v1beta1/projects/chronic-tracker [none]
[debug] [2023-06-09T13:10:07.936Z] <<< [apiv2][status] GET https://firebase.googleapis.com/v1beta1/projects/chronic-tracker 200
[debug] [2023-06-09T13:10:07.936Z] <<< [apiv2][body] GET https://firebase.googleapis.com/v1beta1/projects/chronic-tracker {"projectId":"chronic-tracker","projectNumber":"43003687884","displayName":"chronic-tracker","name":"projects/chronic-tracker","resources":{"hostingSite":"chronic-tracker"},"state":"ACTIVE","etag":"1_bd30c92f-58de-4d95-afaf-ac67549efa93"}
[info] i  functions: Watching "C:\Users\Abraham\Documents\Projects\kampf\Meseret\app\functions" for Cloud Functions... {"metadata":{"emulator":{"name":"functions"},"message":"Watching \"C:\\Users\\Abraham\\Documents\\Projects\\kampf\\Meseret\\app\\functions\" for Cloud Functions..."}}
[info] i  hosting[chronic-tracker]: Serving hosting files from: build {"metadata":{"emulator":{"name":"hosting"},"message":"Serving hosting files from: \u001b[1mbuild\u001b[22m"}}
[info] +  hosting[chronic-tracker]: Local server: http://localhost:5000 {"metadata":{"emulator":{"name":"hosting"},"message":"Local server: \u001b[4m\u001b[1mhttp://localhost:5000\u001b[22m\u001b[24m"}}
[debug] [2023-06-09T13:10:07.960Z] Validating nodejs source
[debug] [2023-06-09T13:10:10.436Z] > [functions] package.json contents: {
  "name": "functions",
  "scripts": {
    "lint": "eslint --ext .js,.ts .",
    "build": "tsc",
    "build:watch": "tsc --watch",
    "serve": "npm run build && firebase emulators:start --only functions",
    "shell": "npm run build && firebase functions:shell",
    "start": "npm run shell",
    "deploy": "firebase deploy --only functions",
    "logs": "firebase functions:log"
  },
  "engines": {
    "node": "18"
  },
  "main": "lib/index.js",
  "dependencies": {
    "@types/express": "^4.17.17",
    "express": "^4.18.2",
    "firebase-admin": "^11.8.0",
    "firebase-functions": "^4.3.1"
  },
  "devDependencies": {
    "@typescript-eslint/eslint-plugin": "^5.12.0",
    "@typescript-eslint/parser": "^5.12.0",
    "eslint": "^8.9.0",
    "eslint-config-google": "^0.14.0",
    "eslint-plugin-import": "^2.25.4",
    "firebase-functions-test": "^3.1.0",
    "typescript": "^4.9.0"
  },
  "private": true
}
[debug] [2023-06-09T13:10:10.436Z] Building nodejs source
[debug] [2023-06-09T13:10:10.439Z] Failed to find version of module node: reached end of search path C:\Users\Abraham\Documents\Projects\kampf\Meseret\app\functions\node_modules
[info] +  functions: Using node@18 from host. 
[debug] [2023-06-09T13:10:10.443Z] Could not find functions.yaml. Must use http discovery
[debug] [2023-06-09T13:10:10.456Z] Found firebase-functions binary at 'C:\Users\Abraham\Documents\Projects\kampf\Meseret\app\functions\node_modules\.bin\firebase-functions'
[debug] [2023-06-09T13:10:10.747Z] Serving at port 8411

[debug] [2023-06-09T13:10:10.761Z] Got response from /__/functions.yaml {"endpoints":{},"specVersion":"v1alpha1","requiredAPIs":[]}
[debug] [2023-06-09T13:10:10.766Z] shutdown requested via /__/quitquitquit

[info] +  functions: Loaded functions definitions from source: . {"metadata":{"emulator":{"name":"functions"},"message":"Loaded functions definitions from source: ."}}
[debug] [2023-06-09T13:11:40.222Z] File C:\Users\Abraham\Documents\Projects\kampf\Meseret\app\functions\src\index.ts changed, reloading triggers {"metadata":{"emulator":{"name":"functions"},"message":"File C:\\Users\\Abraham\\Documents\\Projects\\kampf\\Meseret\\app\\functions\\src\\index.ts changed, reloading triggers"}}
[debug] [2023-06-09T13:11:40.663Z] File C:\Users\Abraham\Documents\Projects\kampf\Meseret\app\functions\lib\index.js.map changed, reloading triggers {"metadata":{"emulator":{"name":"functions"},"message":"File C:\\Users\\Abraham\\Documents\\Projects\\kampf\\Meseret\\app\\functions\\lib\\index.js.map changed, reloading triggers"}}
[debug] [2023-06-09T13:11:40.666Z] File C:\Users\Abraham\Documents\Projects\kampf\Meseret\app\functions\lib\index.js changed, reloading triggers {"metadata":{"emulator":{"name":"functions"},"message":"File C:\\Users\\Abraham\\Documents\\Projects\\kampf\\Meseret\\app\\functions\\lib\\index.js changed, reloading triggers"}}
[debug] [2023-06-09T13:11:41.710Z] Validating nodejs source
[debug] [2023-06-09T13:11:44.175Z] > [functions] package.json contents: {
  "name": "functions",
  "scripts": {
    "lint": "eslint --ext .js,.ts .",
    "build": "tsc",
    "build:watch": "tsc --watch",
    "serve": "npm run build && firebase emulators:start --only functions",
    "shell": "npm run build && firebase functions:shell",
    "start": "npm run shell",
    "deploy": "firebase deploy --only functions",
    "logs": "firebase functions:log"
  },
  "engines": {
    "node": "18"
  },
  "main": "lib/index.js",
  "dependencies": {
    "@types/express": "^4.17.17",
    "express": "^4.18.2",
    "firebase-admin": "^11.8.0",
    "firebase-functions": "^4.3.1"
  },
  "devDependencies": {
    "@typescript-eslint/eslint-plugin": "^5.12.0",
    "@typescript-eslint/parser": "^5.12.0",
    "eslint": "^8.9.0",
    "eslint-config-google": "^0.14.0",
    "eslint-plugin-import": "^2.25.4",
    "firebase-functions-test": "^3.1.0",
    "typescript": "^4.9.0"
  },
  "private": true
}
[debug] [2023-06-09T13:11:44.175Z] Building nodejs source
[debug] [2023-06-09T13:11:44.175Z] Failed to find version of module node: reached end of search path C:\Users\Abraham\Documents\Projects\kampf\Meseret\app\functions\node_modules
[info] +  functions: Using node@18 from host. 
[debug] [2023-06-09T13:11:44.177Z] Could not find functions.yaml. Must use http discovery
[debug] [2023-06-09T13:11:44.187Z] Found firebase-functions binary at 'C:\Users\Abraham\Documents\Projects\kampf\Meseret\app\functions\node_modules\.bin\firebase-functions'
[debug] [2023-06-09T13:11:44.565Z] Serving at port 8818

[debug] [2023-06-09T13:11:44.991Z] Got response from /__/functions.yaml {"endpoints":{"helloWorld":{"availableMemoryMb":null,"timeoutSeconds":null,"minInstances":null,"maxInstances":null,"ingressSettings":null,"concurrency":null,"serviceAccountEmail":null,"vpc":null,"platform":"gcfv2","labels":{},"httpsTrigger":{},"entryPoint":"helloWorld"}},"specVersion":"v1alpha1","requiredAPIs":[]}
[debug] [2023-06-09T13:11:44.998Z] shutdown requested via /__/quitquitquit

[info] +  functions: Loaded functions definitions from source: helloWorld. {"metadata":{"emulator":{"name":"functions"},"message":"Loaded functions definitions from source: helloWorld."}}
[info] +  functions[us-central1-helloWorld]: http function initialized (http://localhost:5001/chronic-tracker/us-central1/helloWorld). {"metadata":{"emulator":{"name":"functions"},"message":"\u001b[1mhttp\u001b[22m function initialized (http://localhost:5001/chronic-tracker/us-central1/helloWorld)."}}
[debug] [2023-06-09T13:11:48.562Z] [work-queue] {"queuedWork":["/chronic-tracker/us-central1/helloWorld-2023-06-09T13:11:48.562Z"],"queueLength":1,"runningWork":[],"workRunningCount":0}
[debug] [2023-06-09T13:11:48.562Z] [work-queue] {"queuedWork":[],"queueLength":0,"runningWork":["/chronic-tracker/us-central1/helloWorld-2023-06-09T13:11:48.562Z"],"workRunningCount":1}
[debug] [2023-06-09T13:11:48.563Z] Accepted request GET /chronic-tracker/us-central1/helloWorld --> us-central1-helloWorld
[debug] [2023-06-09T13:11:48.566Z] [functions] Runtime ready! Sending request! {"metadata":{"emulator":{"name":"functions"},"message":"[functions] Runtime ready! Sending request!"}}
[debug] [2023-06-09T13:11:48.567Z] [functions] Got req.url=/chronic-tracker/us-central1/helloWorld, mapping to path=/ {"metadata":{"emulator":{"name":"functions"},"message":"[functions] Got req.url=/chronic-tracker/us-central1/helloWorld, mapping to path=/"}}
[debug] [2023-06-09T13:11:48.579Z] [worker-pool] addWorker(us-central1-helloWorld) {"metadata":{"emulator":{"name":"functions"},"message":"[worker-pool] addWorker(us-central1-helloWorld)"}}
[debug] [2023-06-09T13:11:48.580Z] [worker-pool] Adding worker with key us-central1-helloWorld, total=1 {"metadata":{"emulator":{"name":"functions"},"message":"[worker-pool] Adding worker with key us-central1-helloWorld, total=1"}}
[debug] [2023-06-09T13:11:50.090Z] [runtime-status] [54748] Resolved module firebase-admin {"declared":true,"installed":true,"version":"11.9.0","resolution":"C:\\Users\\Abraham\\Documents\\Projects\\kampf\\Meseret\\app\\functions\\node_modules\\firebase-admin\\lib\\index.js"} {"metadata":{"emulator":{"name":"functions"},"function":{"name":"us-central1-helloWorld"},"extension":{},"message":"[runtime-status] [54748] Resolved module firebase-admin {\"declared\":true,\"installed\":true,\"version\":\"11.9.0\",\"resolution\":\"C:\\\\Users\\\\Abraham\\\\Documents\\\\Projects\\\\kampf\\\\Meseret\\\\app\\\\functions\\\\node_modules\\\\firebase-admin\\\\lib\\\\index.js\"}"}}
[debug] [2023-06-09T13:11:50.091Z] [runtime-status] [54748] Resolved module firebase-functions {"declared":true,"installed":true,"version":"4.4.0","resolution":"C:\\Users\\Abraham\\Documents\\Projects\\kampf\\Meseret\\app\\functions\\node_modules\\firebase-functions\\lib\\v1\\index.js"} {"metadata":{"emulator":{"name":"functions"},"function":{"name":"us-central1-helloWorld"},"extension":{},"message":"[runtime-status] [54748] Resolved module firebase-functions {\"declared\":true,\"installed\":true,\"version\":\"4.4.0\",\"resolution\":\"C:\\\\Users\\\\Abraham\\\\Documents\\\\Projects\\\\kampf\\\\Meseret\\\\app\\\\functions\\\\node_modules\\\\firebase-functions\\\\lib\\\\v1\\\\index.js\"}"}}
[debug] [2023-06-09T13:11:50.091Z] [runtime-status] [54748] Outgoing network have been stubbed. [{"name":"http","status":"mocked"},{"name":"http","status":"mocked"},{"name":"https","status":"mocked"},{"name":"https","status":"mocked"},{"name":"net","status":"mocked"}] {"metadata":{"emulator":{"name":"functions"},"function":{"name":"us-central1-helloWorld"},"extension":{},"message":"[runtime-status] [54748] Outgoing network have been stubbed. [{\"name\":\"http\",\"status\":\"mocked\"},{\"name\":\"http\",\"status\":\"mocked\"},{\"name\":\"https\",\"status\":\"mocked\"},{\"name\":\"https\",\"status\":\"mocked\"},{\"name\":\"net\",\"status\":\"mocked\"}]"}}
[debug] [2023-06-09T13:11:50.092Z] [runtime-status] [54748] Resolved module firebase-functions {"declared":true,"installed":true,"version":"4.4.0","resolution":"C:\\Users\\Abraham\\Documents\\Projects\\kampf\\Meseret\\app\\functions\\node_modules\\firebase-functions\\lib\\v1\\index.js"} {"metadata":{"emulator":{"name":"functions"},"function":{"name":"us-central1-helloWorld"},"extension":{},"message":"[runtime-status] [54748] Resolved module firebase-functions {\"declared\":true,\"installed\":true,\"version\":\"4.4.0\",\"resolution\":\"C:\\\\Users\\\\Abraham\\\\Documents\\\\Projects\\\\kampf\\\\Meseret\\\\app\\\\functions\\\\node_modules\\\\firebase-functions\\\\lib\\\\v1\\\\index.js\"}"}}
[debug] [2023-06-09T13:11:50.429Z] [runtime-status] [54748] Checked functions.config() {"config":{}} {"metadata":{"emulator":{"name":"functions"},"function":{"name":"us-central1-helloWorld"},"extension":{},"message":"[runtime-status] [54748] Checked functions.config() {\"config\":{}}"}}
[debug] [2023-06-09T13:11:50.429Z] [runtime-status] [54748] firebase-functions has been stubbed. {"functionsResolution":{"declared":true,"installed":true,"version":"4.4.0","resolution":"C:\\Users\\Abraham\\Documents\\Projects\\kampf\\Meseret\\app\\functions\\node_modules\\firebase-functions\\lib\\v1\\index.js"}} {"metadata":{"emulator":{"name":"functions"},"function":{"name":"us-central1-helloWorld"},"extension":{},"message":"[runtime-status] [54748] firebase-functions has been stubbed. {\"functionsResolution\":{\"declared\":true,\"installed\":true,\"version\":\"4.4.0\",\"resolution\":\"C:\\\\Users\\\\Abraham\\\\Documents\\\\Projects\\\\kampf\\\\Meseret\\\\app\\\\functions\\\\node_modules\\\\firebase-functions\\\\lib\\\\v1\\\\index.js\"}}"}}
[debug] [2023-06-09T13:11:50.430Z] [runtime-status] [54748] Resolved module firebase-functions {"declared":true,"installed":true,"version":"4.4.0","resolution":"C:\\Users\\Abraham\\Documents\\Projects\\kampf\\Meseret\\app\\functions\\node_modules\\firebase-functions\\lib\\v1\\index.js"} {"metadata":{"emulator":{"name":"functions"},"function":{"name":"us-central1-helloWorld"},"extension":{},"message":"[runtime-status] [54748] Resolved module firebase-functions {\"declared\":true,\"installed\":true,\"version\":\"4.4.0\",\"resolution\":\"C:\\\\Users\\\\Abraham\\\\Documents\\\\Projects\\\\kampf\\\\Meseret\\\\app\\\\functions\\\\node_modules\\\\firebase-functions\\\\lib\\\\v1\\\\index.js\"}"}}
[debug] [2023-06-09T13:11:50.431Z] [runtime-status] [54748] Resolved module firebase-admin {"declared":true,"installed":true,"version":"11.9.0","resolution":"C:\\Users\\Abraham\\Documents\\Projects\\kampf\\Meseret\\app\\functions\\node_modules\\firebase-admin\\lib\\index.js"} {"metadata":{"emulator":{"name":"functions"},"function":{"name":"us-central1-helloWorld"},"extension":{},"message":"[runtime-status] [54748] Resolved module firebase-admin {\"declared\":true,\"installed\":true,\"version\":\"11.9.0\",\"resolution\":\"C:\\\\Users\\\\Abraham\\\\Documents\\\\Projects\\\\kampf\\\\Meseret\\\\app\\\\functions\\\\node_modules\\\\firebase-admin\\\\lib\\\\index.js\"}"}}
[debug] [2023-06-09T13:11:50.435Z] [runtime-status] [54748] Resolved module firebase-functions {"declared":true,"installed":true,"version":"4.4.0","resolution":"C:\\Users\\Abraham\\Documents\\Projects\\kampf\\Meseret\\app\\functions\\node_modules\\firebase-functions\\lib\\v1\\index.js"} {"metadata":{"emulator":{"name":"functions"},"function":{"name":"us-central1-helloWorld"},"extension":{},"message":"[runtime-status] [54748] Resolved module firebase-functions {\"declared\":true,\"installed\":true,\"version\":\"4.4.0\",\"resolution\":\"C:\\\\Users\\\\Abraham\\\\Documents\\\\Projects\\\\kampf\\\\Meseret\\\\app\\\\functions\\\\node_modules\\\\firebase-functions\\\\lib\\\\v1\\\\index.js\"}"}}
[debug] [2023-06-09T13:11:50.436Z] [runtime-status] [54748] firebase-admin has been stubbed. {"adminResolution":{"declared":true,"installed":true,"version":"11.9.0","resolution":"C:\\Users\\Abraham\\Documents\\Projects\\kampf\\Meseret\\app\\functions\\node_modules\\firebase-admin\\lib\\index.js"}} {"metadata":{"emulator":{"name":"functions"},"function":{"name":"us-central1-helloWorld"},"extension":{},"message":"[runtime-status] [54748] firebase-admin has been stubbed. {\"adminResolution\":{\"declared\":true,\"installed\":true,\"version\":\"11.9.0\",\"resolution\":\"C:\\\\Users\\\\Abraham\\\\Documents\\\\Projects\\\\kampf\\\\Meseret\\\\app\\\\functions\\\\node_modules\\\\firebase-admin\\\\lib\\\\index.js\"}}"}}
[debug] [2023-06-09T13:11:50.574Z] [runtime-status] [54748] Functions runtime initialized. {"cwd":"C:\\Users\\Abraham\\Documents\\Projects\\kampf\\Meseret\\app\\functions","node_version":"18.13.0"} {"metadata":{"emulator":{"name":"functions"},"function":{"name":"us-central1-helloWorld"},"extension":{},"message":"[runtime-status] [54748] Functions runtime initialized. {\"cwd\":\"C:\\\\Users\\\\Abraham\\\\Documents\\\\Projects\\\\kampf\\\\Meseret\\\\app\\\\functions\",\"node_version\":\"18.13.0\"}"}}
[debug] [2023-06-09T13:11:50.575Z] [runtime-status] [54748] Listening to port: \\?\pipe\fire_emu_25c2a056700529a7 {"metadata":{"emulator":{"name":"functions"},"function":{"name":"us-central1-helloWorld"},"extension":{},"message":"[runtime-status] [54748] Listening to port: \\\\?\\pipe\\fire_emu_25c2a056700529a7"}}
[debug] [2023-06-09T13:11:50.655Z] [worker-us-central1-helloWorld-085820fa-67df-4723-ba9d-3a3f7e3f67bc]: IDLE {"metadata":{"emulator":{"name":"functions"},"function":{"name":"us-central1-helloWorld"},"extension":{},"message":"[worker-us-central1-helloWorld-085820fa-67df-4723-ba9d-3a3f7e3f67bc]: IDLE"}}
[debug] [2023-06-09T13:11:50.655Z] [worker-pool] submitRequest(triggerId=us-central1-helloWorld) {"metadata":{"emulator":{"name":"functions"},"message":"[worker-pool] submitRequest(triggerId=us-central1-helloWorld)"}}
[info] i  functions: Beginning execution of "us-central1-helloWorld" {"metadata":{"emulator":{"name":"functions"},"function":{"name":"us-central1-helloWorld"},"extension":{},"message":"Beginning execution of \"us-central1-helloWorld\""}}
[debug] [2023-06-09T13:11:50.656Z] [worker-us-central1-helloWorld-085820fa-67df-4723-ba9d-3a3f7e3f67bc]: BUSY {"metadata":{"emulator":{"name":"functions"},"function":{"name":"us-central1-helloWorld"},"extension":{},"message":"[worker-us-central1-helloWorld-085820fa-67df-4723-ba9d-3a3f7e3f67bc]: BUSY"}}
[debug] [2023-06-09T13:11:50.666Z] Finishing up request with event=pause {"metadata":{"emulator":{"name":"functions"},"function":{"name":"us-central1-helloWorld"},"extension":{},"message":"Finishing up request with event=pause"}}
[info] i  functions: Finished "us-central1-helloWorld" in 9.7212ms {"metadata":{"emulator":{"name":"functions"},"function":{"name":"us-central1-helloWorld"},"extension":{},"message":"Finished \"us-central1-helloWorld\" in 9.7212ms"}}
[debug] [2023-06-09T13:11:50.666Z] [worker-us-central1-helloWorld-085820fa-67df-4723-ba9d-3a3f7e3f67bc]: IDLE {"metadata":{"emulator":{"name":"functions"},"function":{"name":"us-central1-helloWorld"},"extension":{},"message":"[worker-us-central1-helloWorld-085820fa-67df-4723-ba9d-3a3f7e3f67bc]: IDLE"}}
[debug] [2023-06-09T13:11:50.667Z] Finishing up request with event=finish {"metadata":{"emulator":{"name":"functions"},"function":{"name":"us-central1-helloWorld"},"extension":{},"message":"Finishing up request with event=finish"}}
[debug] [2023-06-09T13:11:50.667Z] Finishing up request with event=close {"metadata":{"emulator":{"name":"functions"},"function":{"name":"us-central1-helloWorld"},"extension":{},"message":"Finishing up request with event=close"}}
[debug] [2023-06-09T13:11:50.667Z] [work-queue] {"queuedWork":[],"queueLength":0,"runningWork":[],"workRunningCount":0}
[debug] [2023-06-09T13:11:52.974Z] [work-queue] {"queuedWork":["/chronic-tracker/us-central1/helloWorld/test-2023-06-09T13:11:52.974Z"],"queueLength":1,"runningWork":[],"workRunningCount":0}
[debug] [2023-06-09T13:11:52.975Z] [work-queue] {"queuedWork":[],"queueLength":0,"runningWork":["/chronic-tracker/us-central1/helloWorld/test-2023-06-09T13:11:52.974Z"],"workRunningCount":1}
[debug] [2023-06-09T13:11:52.975Z] Accepted request GET /chronic-tracker/us-central1/helloWorld/test --> us-central1-helloWorld
[debug] [2023-06-09T13:11:52.975Z] [functions] Runtime ready! Sending request! {"metadata":{"emulator":{"name":"functions"},"message":"[functions] Runtime ready! Sending request!"}}
[debug] [2023-06-09T13:11:52.976Z] [functions] Got req.url=/chronic-tracker/us-central1/helloWorld/test, mapping to path=/test {"metadata":{"emulator":{"name":"functions"},"message":"[functions] Got req.url=/chronic-tracker/us-central1/helloWorld/test, mapping to path=/test"}}
[debug] [2023-06-09T13:11:52.976Z] [worker-pool] submitRequest(triggerId=us-central1-helloWorld) {"metadata":{"emulator":{"name":"functions"},"message":"[worker-pool] submitRequest(triggerId=us-central1-helloWorld)"}}
[info] i  functions: Beginning execution of "us-central1-helloWorld" {"metadata":{"emulator":{"name":"functions"},"function":{"name":"us-central1-helloWorld"},"extension":{},"message":"Beginning execution of \"us-central1-helloWorld\""}}
[debug] [2023-06-09T13:11:52.976Z] [worker-us-central1-helloWorld-085820fa-67df-4723-ba9d-3a3f7e3f67bc]: BUSY {"metadata":{"emulator":{"name":"functions"},"function":{"name":"us-central1-helloWorld"},"extension":{},"message":"[worker-us-central1-helloWorld-085820fa-67df-4723-ba9d-3a3f7e3f67bc]: BUSY"}}
[debug] [2023-06-09T13:11:52.986Z] Finishing up request with event=pause {"metadata":{"emulator":{"name":"functions"},"function":{"name":"us-central1-helloWorld"},"extension":{},"message":"Finishing up request with event=pause"}}
[info] i  functions: Finished "us-central1-helloWorld" in 9.4827ms {"metadata":{"emulator":{"name":"functions"},"function":{"name":"us-central1-helloWorld"},"extension":{},"message":"Finished \"us-central1-helloWorld\" in 9.4827ms"}}
[debug] [2023-06-09T13:11:52.987Z] [worker-us-central1-helloWorld-085820fa-67df-4723-ba9d-3a3f7e3f67bc]: IDLE {"metadata":{"emulator":{"name":"functions"},"function":{"name":"us-central1-helloWorld"},"extension":{},"message":"[worker-us-central1-helloWorld-085820fa-67df-4723-ba9d-3a3f7e3f67bc]: IDLE"}}
[debug] [2023-06-09T13:11:52.987Z] Finishing up request with event=finish {"metadata":{"emulator":{"name":"functions"},"function":{"name":"us-central1-helloWorld"},"extension":{},"message":"Finishing up request with event=finish"}}
[debug] [2023-06-09T13:11:52.987Z] Finishing up request with event=close {"metadata":{"emulator":{"name":"functions"},"function":{"name":"us-central1-helloWorld"},"extension":{},"message":"Finishing up request with event=close"}}
[debug] [2023-06-09T13:11:52.988Z] [work-queue] {"queuedWork":[],"queueLength":0,"runningWork":[],"workRunningCount":0}
[debug] [2023-06-09T13:11:53.577Z] Functions emulator received unknown request at path /favicon.ico
[debug] [2023-06-09T13:12:20.142Z] File C:\Users\Abraham\Documents\Projects\kampf\Meseret\app\functions\src\index.ts changed, reloading triggers {"metadata":{"emulator":{"name":"functions"},"message":"File C:\\Users\\Abraham\\Documents\\Projects\\kampf\\Meseret\\app\\functions\\src\\index.ts changed, reloading triggers"}}
[debug] [2023-06-09T13:12:20.591Z] File C:\Users\Abraham\Documents\Projects\kampf\Meseret\app\functions\lib\index.js.map changed, reloading triggers {"metadata":{"emulator":{"name":"functions"},"message":"File C:\\Users\\Abraham\\Documents\\Projects\\kampf\\Meseret\\app\\functions\\lib\\index.js.map changed, reloading triggers"}}
[debug] [2023-06-09T13:12:20.595Z] File C:\Users\Abraham\Documents\Projects\kampf\Meseret\app\functions\lib\index.js changed, reloading triggers {"metadata":{"emulator":{"name":"functions"},"message":"File C:\\Users\\Abraham\\Documents\\Projects\\kampf\\Meseret\\app\\functions\\lib\\index.js changed, reloading triggers"}}
[debug] [2023-06-09T13:12:21.597Z] Validating nodejs source
[debug] [2023-06-09T13:12:23.750Z] > [functions] package.json contents: {
  "name": "functions",
  "scripts": {
    "lint": "eslint --ext .js,.ts .",
    "build": "tsc",
    "build:watch": "tsc --watch",
    "serve": "npm run build && firebase emulators:start --only functions",
    "shell": "npm run build && firebase functions:shell",
    "start": "npm run shell",
    "deploy": "firebase deploy --only functions",
    "logs": "firebase functions:log"
  },
  "engines": {
    "node": "18"
  },
  "main": "lib/index.js",
  "dependencies": {
    "@types/express": "^4.17.17",
    "express": "^4.18.2",
    "firebase-admin": "^11.8.0",
    "firebase-functions": "^4.3.1"
  },
  "devDependencies": {
    "@typescript-eslint/eslint-plugin": "^5.12.0",
    "@typescript-eslint/parser": "^5.12.0",
    "eslint": "^8.9.0",
    "eslint-config-google": "^0.14.0",
    "eslint-plugin-import": "^2.25.4",
    "firebase-functions-test": "^3.1.0",
    "typescript": "^4.9.0"
  },
  "private": true
}
[debug] [2023-06-09T13:12:23.750Z] Building nodejs source
[debug] [2023-06-09T13:12:23.750Z] Failed to find version of module node: reached end of search path C:\Users\Abraham\Documents\Projects\kampf\Meseret\app\functions\node_modules
[info] +  functions: Using node@18 from host. 
[debug] [2023-06-09T13:12:23.751Z] Could not find functions.yaml. Must use http discovery
[debug] [2023-06-09T13:12:23.760Z] Found firebase-functions binary at 'C:\Users\Abraham\Documents\Projects\kampf\Meseret\app\functions\node_modules\.bin\firebase-functions'
[debug] [2023-06-09T13:12:24.067Z] Serving at port 8516

[debug] [2023-06-09T13:12:24.337Z] Got response from /__/functions.yaml {"endpoints":{"helloWorld":{"availableMemoryMb":null,"timeoutSeconds":null,"minInstances":null,"maxInstances":null,"ingressSettings":null,"concurrency":null,"serviceAccountEmail":null,"vpc":null,"platform":"gcfv2","labels":{},"httpsTrigger":{},"entryPoint":"helloWorld"}},"specVersion":"v1alpha1","requiredAPIs":[]}
[debug] [2023-06-09T13:12:24.342Z] shutdown requested via /__/quitquitquit

[info] +  functions: Loaded functions definitions from source: helloWorld. {"metadata":{"emulator":{"name":"functions"},"message":"Loaded functions definitions from source: helloWorld."}}
[debug] [2023-06-09T13:12:24.356Z] [worker-pool] Shutting down IDLE worker (us-central1-helloWorld) {"metadata":{"emulator":{"name":"functions"},"message":"[worker-pool] Shutting down IDLE worker (us-central1-helloWorld)"}}
[debug] [2023-06-09T13:12:24.356Z] [worker-us-central1-helloWorld-085820fa-67df-4723-ba9d-3a3f7e3f67bc]: FINISHING {"metadata":{"emulator":{"name":"functions"},"function":{"name":"us-central1-helloWorld"},"extension":{},"message":"[worker-us-central1-helloWorld-085820fa-67df-4723-ba9d-3a3f7e3f67bc]: FINISHING"}}
[debug] [2023-06-09T13:12:24.366Z] [worker-us-central1-helloWorld-085820fa-67df-4723-ba9d-3a3f7e3f67bc]: exited {"metadata":{"emulator":{"name":"functions"},"function":{"name":"us-central1-helloWorld"},"extension":{},"message":"[worker-us-central1-helloWorld-085820fa-67df-4723-ba9d-3a3f7e3f67bc]: exited"}}
[debug] [2023-06-09T13:12:24.368Z] [worker-us-central1-helloWorld-085820fa-67df-4723-ba9d-3a3f7e3f67bc]: FINISHED {"metadata":{"emulator":{"name":"functions"},"function":{"name":"us-central1-helloWorld"},"extension":{},"message":"[worker-us-central1-helloWorld-085820fa-67df-4723-ba9d-3a3f7e3f67bc]: FINISHED"}}
[debug] [2023-06-09T13:15:14.596Z] File C:\Users\Abraham\Documents\Projects\kampf\Meseret\app\functions\src\index.ts changed, reloading triggers {"metadata":{"emulator":{"name":"functions"},"message":"File C:\\Users\\Abraham\\Documents\\Projects\\kampf\\Meseret\\app\\functions\\src\\index.ts changed, reloading triggers"}}
[debug] [2023-06-09T13:15:15.027Z] File C:\Users\Abraham\Documents\Projects\kampf\Meseret\app\functions\lib\index.js.map changed, reloading triggers {"metadata":{"emulator":{"name":"functions"},"message":"File C:\\Users\\Abraham\\Documents\\Projects\\kampf\\Meseret\\app\\functions\\lib\\index.js.map changed, reloading triggers"}}
[debug] [2023-06-09T13:15:15.034Z] File C:\Users\Abraham\Documents\Projects\kampf\Meseret\app\functions\lib\index.js changed, reloading triggers {"metadata":{"emulator":{"name":"functions"},"message":"File C:\\Users\\Abraham\\Documents\\Projects\\kampf\\Meseret\\app\\functions\\lib\\index.js changed, reloading triggers"}}
[debug] [2023-06-09T13:15:16.037Z] Validating nodejs source
[debug] [2023-06-09T13:15:19.704Z] > [functions] package.json contents: {
  "name": "functions",
  "scripts": {
    "lint": "eslint --ext .js,.ts .",
    "build": "tsc",
    "build:watch": "tsc --watch",
    "serve": "npm run build && firebase emulators:start --only functions",
    "shell": "npm run build && firebase functions:shell",
    "start": "npm run shell",
    "deploy": "firebase deploy --only functions",
    "logs": "firebase functions:log"
  },
  "engines": {
    "node": "18"
  },
  "main": "lib/index.js",
  "dependencies": {
    "@types/express": "^4.17.17",
    "express": "^4.18.2",
    "firebase-admin": "^11.8.0",
    "firebase-functions": "^4.3.1"
  },
  "devDependencies": {
    "@typescript-eslint/eslint-plugin": "^5.12.0",
    "@typescript-eslint/parser": "^5.12.0",
    "eslint": "^8.9.0",
    "eslint-config-google": "^0.14.0",
    "eslint-plugin-import": "^2.25.4",
    "firebase-functions-test": "^3.1.0",
    "typescript": "^4.9.0"
  },
  "private": true
}
[debug] [2023-06-09T13:15:19.705Z] Building nodejs source
[debug] [2023-06-09T13:15:19.705Z] Failed to find version of module node: reached end of search path C:\Users\Abraham\Documents\Projects\kampf\Meseret\app\functions\node_modules
[info] +  functions: Using node@18 from host. 
[debug] [2023-06-09T13:15:19.706Z] Could not find functions.yaml. Must use http discovery
[debug] [2023-06-09T13:15:19.737Z] Found firebase-functions binary at 'C:\Users\Abraham\Documents\Projects\kampf\Meseret\app\functions\node_modules\.bin\firebase-functions'
[debug] [2023-06-09T13:15:20.178Z] Serving at port 8673

[debug] [2023-06-09T13:15:20.399Z] Got response from /__/functions.yaml {"endpoints":{"helloWorld":{"availableMemoryMb":null,"timeoutSeconds":null,"minInstances":null,"maxInstances":null,"ingressSettings":null,"concurrency":null,"serviceAccountEmail":null,"vpc":null,"platform":"gcfv2","labels":{},"httpsTrigger":{},"entryPoint":"helloWorld"}},"specVersion":"v1alpha1","requiredAPIs":[]}
[debug] [2023-06-09T13:15:20.403Z] shutdown requested via /__/quitquitquit

[info] +  functions: Loaded functions definitions from source: helloWorld. {"metadata":{"emulator":{"name":"functions"},"message":"Loaded functions definitions from source: helloWorld."}}
[debug] [2023-06-09T13:15:35.138Z] [work-queue] {"queuedWork":["/chronic-tracker/us-central1/helloWorld-2023-06-09T13:15:35.138Z"],"queueLength":1,"runningWork":[],"workRunningCount":0}
[debug] [2023-06-09T13:15:35.138Z] [work-queue] {"queuedWork":[],"queueLength":0,"runningWork":["/chronic-tracker/us-central1/helloWorld-2023-06-09T13:15:35.138Z"],"workRunningCount":1}
[debug] [2023-06-09T13:15:35.139Z] Accepted request GET /chronic-tracker/us-central1/helloWorld --> us-central1-helloWorld
[debug] [2023-06-09T13:15:35.139Z] [functions] Runtime ready! Sending request! {"metadata":{"emulator":{"name":"functions"},"message":"[functions] Runtime ready! Sending request!"}}
[debug] [2023-06-09T13:15:35.139Z] [functions] Got req.url=/chronic-tracker/us-central1/helloWorld, mapping to path=/ {"metadata":{"emulator":{"name":"functions"},"message":"[functions] Got req.url=/chronic-tracker/us-central1/helloWorld, mapping to path=/"}}
[debug] [2023-06-09T13:15:35.139Z] [worker-pool] Cleaned up workers for us-central1-helloWorld: 1 --> 0 {"metadata":{"emulator":{"name":"functions"},"message":"[worker-pool] Cleaned up workers for us-central1-helloWorld: 1 --> 0"}}
[debug] [2023-06-09T13:15:35.150Z] [worker-pool] addWorker(us-central1-helloWorld) {"metadata":{"emulator":{"name":"functions"},"message":"[worker-pool] addWorker(us-central1-helloWorld)"}}
[debug] [2023-06-09T13:15:35.151Z] [worker-pool] Adding worker with key us-central1-helloWorld, total=1 {"metadata":{"emulator":{"name":"functions"},"message":"[worker-pool] Adding worker with key us-central1-helloWorld, total=1"}}
[debug] [2023-06-09T13:15:36.877Z] [runtime-status] [49440] Resolved module firebase-admin {"declared":true,"installed":true,"version":"11.9.0","resolution":"C:\\Users\\Abraham\\Documents\\Projects\\kampf\\Meseret\\app\\functions\\node_modules\\firebase-admin\\lib\\index.js"} {"metadata":{"emulator":{"name":"functions"},"function":{"name":"us-central1-helloWorld"},"extension":{},"message":"[runtime-status] [49440] Resolved module firebase-admin {\"declared\":true,\"installed\":true,\"version\":\"11.9.0\",\"resolution\":\"C:\\\\Users\\\\Abraham\\\\Documents\\\\Projects\\\\kampf\\\\Meseret\\\\app\\\\functions\\\\node_modules\\\\firebase-admin\\\\lib\\\\index.js\"}"}}
[debug] [2023-06-09T13:15:36.879Z] [runtime-status] [49440] Resolved module firebase-functions {"declared":true,"installed":true,"version":"4.4.0","resolution":"C:\\Users\\Abraham\\Documents\\Projects\\kampf\\Meseret\\app\\functions\\node_modules\\firebase-functions\\lib\\v1\\index.js"} {"metadata":{"emulator":{"name":"functions"},"function":{"name":"us-central1-helloWorld"},"extension":{},"message":"[runtime-status] [49440] Resolved module firebase-functions {\"declared\":true,\"installed\":true,\"version\":\"4.4.0\",\"resolution\":\"C:\\\\Users\\\\Abraham\\\\Documents\\\\Projects\\\\kampf\\\\Meseret\\\\app\\\\functions\\\\node_modules\\\\firebase-functions\\\\lib\\\\v1\\\\index.js\"}"}}
[debug] [2023-06-09T13:15:36.880Z] [runtime-status] [49440] Outgoing network have been stubbed. [{"name":"http","status":"mocked"},{"name":"http","status":"mocked"},{"name":"https","status":"mocked"},{"name":"https","status":"mocked"},{"name":"net","status":"mocked"}] {"metadata":{"emulator":{"name":"functions"},"function":{"name":"us-central1-helloWorld"},"extension":{},"message":"[runtime-status] [49440] Outgoing network have been stubbed. [{\"name\":\"http\",\"status\":\"mocked\"},{\"name\":\"http\",\"status\":\"mocked\"},{\"name\":\"https\",\"status\":\"mocked\"},{\"name\":\"https\",\"status\":\"mocked\"},{\"name\":\"net\",\"status\":\"mocked\"}]"}}
[debug] [2023-06-09T13:15:36.882Z] [runtime-status] [49440] Resolved module firebase-functions {"declared":true,"installed":true,"version":"4.4.0","resolution":"C:\\Users\\Abraham\\Documents\\Projects\\kampf\\Meseret\\app\\functions\\node_modules\\firebase-functions\\lib\\v1\\index.js"} {"metadata":{"emulator":{"name":"functions"},"function":{"name":"us-central1-helloWorld"},"extension":{},"message":"[runtime-status] [49440] Resolved module firebase-functions {\"declared\":true,\"installed\":true,\"version\":\"4.4.0\",\"resolution\":\"C:\\\\Users\\\\Abraham\\\\Documents\\\\Projects\\\\kampf\\\\Meseret\\\\app\\\\functions\\\\node_modules\\\\firebase-functions\\\\lib\\\\v1\\\\index.js\"}"}}
[debug] [2023-06-09T13:15:37.172Z] [runtime-status] [49440] Checked functions.config() {"config":{}} {"metadata":{"emulator":{"name":"functions"},"function":{"name":"us-central1-helloWorld"},"extension":{},"message":"[runtime-status] [49440] Checked functions.config() {\"config\":{}}"}}
[debug] [2023-06-09T13:15:37.172Z] [runtime-status] [49440] firebase-functions has been stubbed. {"functionsResolution":{"declared":true,"installed":true,"version":"4.4.0","resolution":"C:\\Users\\Abraham\\Documents\\Projects\\kampf\\Meseret\\app\\functions\\node_modules\\firebase-functions\\lib\\v1\\index.js"}} {"metadata":{"emulator":{"name":"functions"},"function":{"name":"us-central1-helloWorld"},"extension":{},"message":"[runtime-status] [49440] firebase-functions has been stubbed. {\"functionsResolution\":{\"declared\":true,\"installed\":true,\"version\":\"4.4.0\",\"resolution\":\"C:\\\\Users\\\\Abraham\\\\Documents\\\\Projects\\\\kampf\\\\Meseret\\\\app\\\\functions\\\\node_modules\\\\firebase-functions\\\\lib\\\\v1\\\\index.js\"}}"}}
[debug] [2023-06-09T13:15:37.173Z] [runtime-status] [49440] Resolved module firebase-functions {"declared":true,"installed":true,"version":"4.4.0","resolution":"C:\\Users\\Abraham\\Documents\\Projects\\kampf\\Meseret\\app\\functions\\node_modules\\firebase-functions\\lib\\v1\\index.js"} {"metadata":{"emulator":{"name":"functions"},"function":{"name":"us-central1-helloWorld"},"extension":{},"message":"[runtime-status] [49440] Resolved module firebase-functions {\"declared\":true,\"installed\":true,\"version\":\"4.4.0\",\"resolution\":\"C:\\\\Users\\\\Abraham\\\\Documents\\\\Projects\\\\kampf\\\\Meseret\\\\app\\\\functions\\\\node_modules\\\\firebase-functions\\\\lib\\\\v1\\\\index.js\"}"}}
[debug] [2023-06-09T13:15:37.175Z] [runtime-status] [49440] Resolved module firebase-admin {"declared":true,"installed":true,"version":"11.9.0","resolution":"C:\\Users\\Abraham\\Documents\\Projects\\kampf\\Meseret\\app\\functions\\node_modules\\firebase-admin\\lib\\index.js"} {"metadata":{"emulator":{"name":"functions"},"function":{"name":"us-central1-helloWorld"},"extension":{},"message":"[runtime-status] [49440] Resolved module firebase-admin {\"declared\":true,\"installed\":true,\"version\":\"11.9.0\",\"resolution\":\"C:\\\\Users\\\\Abraham\\\\Documents\\\\Projects\\\\kampf\\\\Meseret\\\\app\\\\functions\\\\node_modules\\\\firebase-admin\\\\lib\\\\index.js\"}"}}
[debug] [2023-06-09T13:15:37.178Z] [runtime-status] [49440] Resolved module firebase-functions {"declared":true,"installed":true,"version":"4.4.0","resolution":"C:\\Users\\Abraham\\Documents\\Projects\\kampf\\Meseret\\app\\functions\\node_modules\\firebase-functions\\lib\\v1\\index.js"} {"metadata":{"emulator":{"name":"functions"},"function":{"name":"us-central1-helloWorld"},"extension":{},"message":"[runtime-status] [49440] Resolved module firebase-functions {\"declared\":true,\"installed\":true,\"version\":\"4.4.0\",\"resolution\":\"C:\\\\Users\\\\Abraham\\\\Documents\\\\Projects\\\\kampf\\\\Meseret\\\\app\\\\functions\\\\node_modules\\\\firebase-functions\\\\lib\\\\v1\\\\index.js\"}"}}
[debug] [2023-06-09T13:15:37.178Z] [runtime-status] [49440] firebase-admin has been stubbed. {"adminResolution":{"declared":true,"installed":true,"version":"11.9.0","resolution":"C:\\Users\\Abraham\\Documents\\Projects\\kampf\\Meseret\\app\\functions\\node_modules\\firebase-admin\\lib\\index.js"}} {"metadata":{"emulator":{"name":"functions"},"function":{"name":"us-central1-helloWorld"},"extension":{},"message":"[runtime-status] [49440] firebase-admin has been stubbed. {\"adminResolution\":{\"declared\":true,\"installed\":true,\"version\":\"11.9.0\",\"resolution\":\"C:\\\\Users\\\\Abraham\\\\Documents\\\\Projects\\\\kampf\\\\Meseret\\\\app\\\\functions\\\\node_modules\\\\firebase-admin\\\\lib\\\\index.js\"}}"}}
[debug] [2023-06-09T13:15:37.320Z] [runtime-status] [49440] Functions runtime initialized. {"cwd":"C:\\Users\\Abraham\\Documents\\Projects\\kampf\\Meseret\\app\\functions","node_version":"18.13.0"} {"metadata":{"emulator":{"name":"functions"},"function":{"name":"us-central1-helloWorld"},"extension":{},"message":"[runtime-status] [49440] Functions runtime initialized. {\"cwd\":\"C:\\\\Users\\\\Abraham\\\\Documents\\\\Projects\\\\kampf\\\\Meseret\\\\app\\\\functions\",\"node_version\":\"18.13.0\"}"}}
[debug] [2023-06-09T13:15:37.320Z] [runtime-status] [49440] Listening to port: \\?\pipe\fire_emu_d30373fd54b16c50 {"metadata":{"emulator":{"name":"functions"},"function":{"name":"us-central1-helloWorld"},"extension":{},"message":"[runtime-status] [49440] Listening to port: \\\\?\\pipe\\fire_emu_d30373fd54b16c50"}}
[debug] [2023-06-09T13:15:37.327Z] [worker-us-central1-helloWorld-5b7e662e-4100-47a1-af2c-c22231c25df2]: IDLE {"metadata":{"emulator":{"name":"functions"},"function":{"name":"us-central1-helloWorld"},"extension":{},"message":"[worker-us-central1-helloWorld-5b7e662e-4100-47a1-af2c-c22231c25df2]: IDLE"}}
[debug] [2023-06-09T13:15:37.327Z] [worker-pool] submitRequest(triggerId=us-central1-helloWorld) {"metadata":{"emulator":{"name":"functions"},"message":"[worker-pool] submitRequest(triggerId=us-central1-helloWorld)"}}
[info] i  functions: Beginning execution of "us-central1-helloWorld" {"metadata":{"emulator":{"name":"functions"},"function":{"name":"us-central1-helloWorld"},"extension":{},"message":"Beginning execution of \"us-central1-helloWorld\""}}
[debug] [2023-06-09T13:15:37.328Z] [worker-us-central1-helloWorld-5b7e662e-4100-47a1-af2c-c22231c25df2]: BUSY {"metadata":{"emulator":{"name":"functions"},"function":{"name":"us-central1-helloWorld"},"extension":{},"message":"[worker-us-central1-helloWorld-5b7e662e-4100-47a1-af2c-c22231c25df2]: BUSY"}}
[debug] [2023-06-09T13:15:37.337Z] Finishing up request with event=pause {"metadata":{"emulator":{"name":"functions"},"function":{"name":"us-central1-helloWorld"},"extension":{},"message":"Finishing up request with event=pause"}}
[info] i  functions: Finished "us-central1-helloWorld" in 9.4681ms {"metadata":{"emulator":{"name":"functions"},"function":{"name":"us-central1-helloWorld"},"extension":{},"message":"Finished \"us-central1-helloWorld\" in 9.4681ms"}}
[debug] [2023-06-09T13:15:37.338Z] [worker-us-central1-helloWorld-5b7e662e-4100-47a1-af2c-c22231c25df2]: IDLE {"metadata":{"emulator":{"name":"functions"},"function":{"name":"us-central1-helloWorld"},"extension":{},"message":"[worker-us-central1-helloWorld-5b7e662e-4100-47a1-af2c-c22231c25df2]: IDLE"}}
[debug] [2023-06-09T13:15:37.338Z] Finishing up request with event=finish {"metadata":{"emulator":{"name":"functions"},"function":{"name":"us-central1-helloWorld"},"extension":{},"message":"Finishing up request with event=finish"}}
[debug] [2023-06-09T13:15:37.339Z] Finishing up request with event=close {"metadata":{"emulator":{"name":"functions"},"function":{"name":"us-central1-helloWorld"},"extension":{},"message":"Finishing up request with event=close"}}
[debug] [2023-06-09T13:15:37.339Z] [work-queue] {"queuedWork":[],"queueLength":0,"runningWork":[],"workRunningCount":0}
